<?xml version="1.0" encoding="UTF-8"?>
<!-- Generated by org.testng.reporters.JUnitXMLReporter -->
<testsuite ignored="0" hostname="dell" failures="0" tests="3" name="HomePageTest" time="7.088" errors="0" timestamp="2024-04-14T20:27:52 IST">
  <testcase classname="com.CRM.TestCases.HomePageTest" name="verifyUrl" time="0.048"/>
  <testcase classname="com.CRM.TestCases.HomePageTest" name="verifyTitle" time="0.029"/>
  <testcase classname="com.CRM.TestCases.HomePageTest" name="verifySignIn" time="0.422"/>
</testsuite> <!-- HomePageTest -->
