<?xml version="1.0" encoding="UTF-8"?>
<!-- Generated by org.testng.reporters.JUnitXMLReporter -->
<testsuite ignored="0" hostname="dell" failures="0" tests="3" name="Test" time="9.851" errors="0" timestamp="2024-04-02T15:07:17 IST">
  <testcase classname="com.CRM.TestCases.HomePageTest" name="verifyUrl" time="0.064"/>
  <testcase classname="com.CRM.TestCases.HomePageTest" name="verifyTitle" time="0.051"/>
  <testcase classname="com.CRM.TestCases.HomePageTest" name="verifySignIn" time="1.206"/>
</testsuite> <!-- Test -->
