<?xml version="1.0" encoding="UTF-8"?>
<testsuite xmlns:xsi="http://www.w3.org/2001/XMLSchema-instance" xsi:noNamespaceSchemaLocation="https://maven.apache.org/surefire/maven-surefire-plugin/xsd/surefire-test-report.xsd" name="TestSuite" time="8.429" tests="8" errors="0" skipped="1" failures="3">
  <properties>
[...]
</properties>
  <testcase name="f" classname="com.CRM.TestCases.CustomersPageTest" time="0.005"/>
  <testcase name="verifyUrl" classname="com.CRM.TestCases.HomePageTest" time="0.029"/>
  <testcase name="verifyTitle" classname="com.CRM.TestCases.HomePageTest" time="0.025"/>
  <testcase name="verifySignIn" classname="com.CRM.TestCases.HomePageTest" time="0.444"/>
  <testcase name="pageSetUp" classname="com.CRM.TestCases.LoginPageTest" time="0.456">
    <failure message="Cannot invoke &quot;com.CRM.Pages.HomePage.getSignIn()&quot; because &quot;this.hp&quot; is null" type="java.lang.NullPointerException">java.lang.NullPointerException: Cannot invoke "com.CRM.Pages.HomePage.getSignIn()" because "this.hp" is null
</failure>
  </testcase>
  <testcase name="verifyLogin" classname="com.CRM.TestCases.LoginPageTest" time="0">
    <skipped message="Cannot invoke &quot;com.CRM.Pages.HomePage.getSignIn()&quot; because &quot;this.hp&quot; is null"/>
  </testcase>
  <testcase name="browserTest" classname="seleniumGrid.CrossbrowserTest" time="0.01">
    <failure message="&#10;Parameter &apos;bname&apos; is required by @Test on method browserTest but has not been marked @Optional or defined&#10;" type="org.testng.TestNGException">org.testng.TestNGException: 

Parameter 'bname' is required by @Test on method browserTest but has not been marked @Optional or defined

</failure>
  </testcase>
  <testcase name="testOnChrome" classname="seleniumGrid.GridTest" time="0.241">
    <failure message="Could not start a new session. Possible causes are invalid address of the remote server or browser start-up failure. &#10;Host info: host: &apos;DELL&apos;, ip: &apos;192.168.1.3&apos;&#10;Build info: version: &apos;4.19.1&apos;, revision: &apos;abe0ee07dc&apos;&#10;System info: os.name: &apos;Windows 10&apos;, os.arch: &apos;amd64&apos;, os.version: &apos;10.0&apos;, java.version: &apos;21&apos;&#10;Driver info: org.openqa.selenium.remote.RemoteWebDriver&#10;Command: [null, newSession {capabilities=[Capabilities {browserName: chrome, goog:chromeOptions: {args: [], extensions: []}}]}]&#10;Capabilities {browserName: chrome, goog:chromeOptions: {args: [], extensions: []}}" type="org.openqa.selenium.SessionNotCreatedException">org.openqa.selenium.SessionNotCreatedException: 
Could not start a new session. Possible causes are invalid address of the remote server or browser start-up failure. 
Host info: host: 'DELL', ip: '192.168.1.3'
Build info: version: '4.19.1', revision: 'abe0ee07dc'
System info: os.name: 'Windows 10', os.arch: 'amd64', os.version: '10.0', java.version: '21'
Driver info: org.openqa.selenium.remote.RemoteWebDriver
Command: [null, newSession {capabilities=[Capabilities {browserName: chrome, goog:chromeOptions: {args: [], extensions: []}}]}]
Capabilities {browserName: chrome, goog:chromeOptions: {args: [], extensions: []}}
	at seleniumGrid.GridTest.testOnChrome(GridTest.java:22)
Caused by: java.io.UncheckedIOException: java.net.ConnectException
	at seleniumGrid.GridTest.testOnChrome(GridTest.java:22)
Caused by: java.net.ConnectException
Caused by: java.nio.channels.ClosedChannelException
</failure>
    <system-out><![CDATA[Test Executing on Chrome ! 
]]></system-out>
    <system-err><![CDATA[Apr 15, 2024 4:04:35 PM org.openqa.selenium.remote.tracing.opentelemetry.OpenTelemetryTracer createTracer
INFO: Using OpenTelemetry for tracing
]]></system-err>
  </testcase>
</testsuite>