<?xml version="1.0" encoding="UTF-8"?>
<testng-results ignored="0" total="3" passed="3" failed="0" skipped="0">
  <reporter-output>
    <line>
      <![CDATA[Test Executing on Chrome ! ]]>
    </line>
    <line>
      <![CDATA[Test Executing on Chrome ! ]]>
    </line>
    <line>
      <![CDATA[Test Executing on Chrome ! ]]>
    </line>
    <line>
      <![CDATA[Driver session established with server! ]]>
    </line>
    <line>
      <![CDATA[Driver session established with server! ]]>
    </line>
    <line>
      <![CDATA[Driver session established with server! ]]>
    </line>
    <line>
      <![CDATA[Test Executing for Amazon application ! ]]>
    </line>
    <line>
      <![CDATA[Test Executing on chrome completed ! ]]>
    </line>
    <line>
      <![CDATA[Test Executing for Amazon application ! ]]>
    </line>
    <line>
      <![CDATA[Test Executing on chrome completed ! ]]>
    </line>
    <line>
      <![CDATA[Test Executing for Amazon application ! ]]>
    </line>
    <line>
      <![CDATA[Test Executing on chrome completed ! ]]>
    </line>
  </reporter-output>
  <suite started-at="2024-04-15T15:45:40 IST" name="Suite" finished-at="2024-04-15T15:46:29 IST" duration-ms="48522">
    <groups>
    </groups>
    <test started-at="2024-04-15T15:45:40 IST" name="Test3" finished-at="2024-04-15T15:46:21 IST" duration-ms="40829">
      <class name="seleniumGrid.CrossbrowserTest">
        <test-method signature="browserTest(java.lang.String)[pri:0, instance:seleniumGrid.CrossbrowserTest@77888435]" started-at="2024-04-15T15:45:40 IST" name="browserTest" finished-at="2024-04-15T15:46:21 IST" duration-ms="40729" status="PASS">
          <params>
            <param index="0">
              <value>
                <![CDATA[firefox]]>
              </value>
            </param>
          </params>
          <reporter-output>
            <line>
              <![CDATA[Test Executing on Chrome ! ]]>
            </line>
            <line>
              <![CDATA[Driver session established with server! ]]>
            </line>
            <line>
              <![CDATA[Test Executing for Amazon application ! ]]>
            </line>
            <line>
              <![CDATA[Test Executing on chrome completed ! ]]>
            </line>
          </reporter-output>
        </test-method> <!-- browserTest -->
      </class> <!-- seleniumGrid.CrossbrowserTest -->
    </test> <!-- Test3 -->
    <test started-at="2024-04-15T15:45:40 IST" name="Test" finished-at="2024-04-15T15:46:26 IST" duration-ms="45361">
      <class name="seleniumGrid.CrossbrowserTest">
        <test-method signature="browserTest(java.lang.String)[pri:0, instance:seleniumGrid.CrossbrowserTest@52bf72b5]" started-at="2024-04-15T15:45:40 IST" name="browserTest" finished-at="2024-04-15T15:46:26 IST" duration-ms="45268" status="PASS">
          <params>
            <param index="0">
              <value>
                <![CDATA[chrome]]>
              </value>
            </param>
          </params>
          <reporter-output>
            <line>
              <![CDATA[Test Executing on Chrome ! ]]>
            </line>
            <line>
              <![CDATA[Driver session established with server! ]]>
            </line>
            <line>
              <![CDATA[Test Executing for Amazon application ! ]]>
            </line>
            <line>
              <![CDATA[Test Executing on chrome completed ! ]]>
            </line>
          </reporter-output>
        </test-method> <!-- browserTest -->
      </class> <!-- seleniumGrid.CrossbrowserTest -->
    </test> <!-- Test -->
    <test started-at="2024-04-15T15:45:40 IST" name="Test2" finished-at="2024-04-15T15:46:29 IST" duration-ms="48521">
      <class name="seleniumGrid.CrossbrowserTest">
        <test-method signature="browserTest(java.lang.String)[pri:0, instance:seleniumGrid.CrossbrowserTest@4218d6a3]" started-at="2024-04-15T15:45:40 IST" name="browserTest" finished-at="2024-04-15T15:46:29 IST" duration-ms="48428" status="PASS">
          <params>
            <param index="0">
              <value>
                <![CDATA[edge]]>
              </value>
            </param>
          </params>
          <reporter-output>
            <line>
              <![CDATA[Test Executing on Chrome ! ]]>
            </line>
            <line>
              <![CDATA[Driver session established with server! ]]>
            </line>
            <line>
              <![CDATA[Test Executing for Amazon application ! ]]>
            </line>
            <line>
              <![CDATA[Test Executing on chrome completed ! ]]>
            </line>
          </reporter-output>
        </test-method> <!-- browserTest -->
      </class> <!-- seleniumGrid.CrossbrowserTest -->
    </test> <!-- Test2 -->
  </suite> <!-- Suite -->
</testng-results>
